[2022-07-14T20:59:35.737] [ERROR] default - Envio de mail fallo la verificacion del servidor Error: Invalid login: 535-5.7.8 Username and Password not accepted. Learn more at
535 5.7.8  https://support.google.com/mail/?p=BadCredentials n14-20020a056870348e00b000f33b23a030sm1516474oah.57 - gsmtp
[2022-07-14T21:02:32.216] [ERROR] default - Envio de mail fallo la verificacion del servidor Error: Invalid login: 534-5.7.9 Application-specific password required. Learn more at
534 5.7.9  https://support.google.com/mail/?p=InvalidSecondFactor a25-20020a9d4719000000b00616d3ec6734sm1288840otf.53 - gsmtp
[2022-07-14T21:04:19.399] [ERROR] default - Envio de mail fallo la verificacion del servidor Error: Invalid login: 534-5.7.9 Application-specific password required. Learn more at
534 5.7.9  https://support.google.com/mail/?p=InvalidSecondFactor u26-20020a54439a000000b00339de9f5df6sm1166303oiv.35 - gsmtp
[2022-07-14T21:05:27.161] [ERROR] default - Envio de mail fallo la verificacion del servidor Error: Invalid login: 534-5.7.9 Application-specific password required. Learn more at
534 5.7.9  https://support.google.com/mail/?p=InvalidSecondFactor g16-20020a9d6c50000000b0061c80736666sm645397otq.28 - gsmtp
[2022-07-14T21:06:16.550] [ERROR] default - Envio de mail fallo la verificacion del servidor Error: Invalid login: 534-5.7.9 Application-specific password required. Learn more at
534 5.7.9  https://support.google.com/mail/?p=InvalidSecondFactor a39-20020a056870a1a700b0010490c6b552sm1539984oaf.35 - gsmtp
[2022-07-14T21:06:23.206] [ERROR] default - Envio de mail fallo la verificacion del servidor Error: Invalid login: 534-5.7.9 Application-specific password required. Learn more at
534 5.7.9  https://support.google.com/mail/?p=InvalidSecondFactor f17-20020a0568301c3100b0061680c8c9e2sm1269803ote.70 - gsmtp
[2022-07-14T21:27:32.276] [ERROR] default - Falló el envio de mail - error:TypeError: enviarEmail is not a function
[2022-07-18T12:31:49.407] [ERROR] default - Falló el envio de whatsapp del nuevo pedido - error:ReferenceError: enviarWhatsapp is not defined
[2022-07-18T12:36:28.292] [ERROR] default - Falló el envio de whatsapp del nuevo pedido - error:ReferenceError: enviarWhatsapp is not defined
[2022-07-18T12:41:23.137] [ERROR] default - Falló el envio de whatsapp - error:ReferenceError: err is not defined
[2022-07-18T12:41:52.698] [ERROR] default - RestException [Error]: Authenticate
    at success (E:\Curso_NodeJs\mauri\tercera-entrega-NodeJs\node_modules\twilio\lib\base\Version.js:135:15)
    at Promise_then_fulfilled (E:\Curso_NodeJs\mauri\tercera-entrega-NodeJs\node_modules\q\q.js:766:44)
    at Promise_done_fulfilled (E:\Curso_NodeJs\mauri\tercera-entrega-NodeJs\node_modules\q\q.js:835:31)
    at Fulfilled_dispatch [as dispatch] (E:\Curso_NodeJs\mauri\tercera-entrega-NodeJs\node_modules\q\q.js:1229:9)
    at Pending_become_eachMessage_task (E:\Curso_NodeJs\mauri\tercera-entrega-NodeJs\node_modules\q\q.js:1369:30)
    at RawTask.call (E:\Curso_NodeJs\mauri\tercera-entrega-NodeJs\node_modules\asap\asap.js:40:19)
    at flush (E:\Curso_NodeJs\mauri\tercera-entrega-NodeJs\node_modules\asap\raw.js:50:29)
    at processTicksAndRejections (node:internal/process/task_queues:78:11) {
  status: 401,
  code: 20003,
  moreInfo: 'https://www.twilio.com/docs/errors/20003',
  details: undefined
}
[2022-07-18T12:45:47.787] [ERROR] default - RestException [Error]: From(whatsapp:+14155238886) and To(+541130561380) addresses should be of the same channel.
    at success (E:\Curso_NodeJs\mauri\tercera-entrega-NodeJs\node_modules\twilio\lib\base\Version.js:135:15)
    at Promise_then_fulfilled (E:\Curso_NodeJs\mauri\tercera-entrega-NodeJs\node_modules\q\q.js:766:44)
    at Promise_done_fulfilled (E:\Curso_NodeJs\mauri\tercera-entrega-NodeJs\node_modules\q\q.js:835:31)
    at Fulfilled_dispatch [as dispatch] (E:\Curso_NodeJs\mauri\tercera-entrega-NodeJs\node_modules\q\q.js:1229:9)
    at Pending_become_eachMessage_task (E:\Curso_NodeJs\mauri\tercera-entrega-NodeJs\node_modules\q\q.js:1369:30)
    at RawTask.call (E:\Curso_NodeJs\mauri\tercera-entrega-NodeJs\node_modules\asap\asap.js:40:19)
    at flush (E:\Curso_NodeJs\mauri\tercera-entrega-NodeJs\node_modules\asap\raw.js:50:29)
    at processTicksAndRejections (node:internal/process/task_queues:78:11) {
  status: 400,
  code: 21910,
  moreInfo: 'https://www.twilio.com/docs/errors/21910',
  details: undefined
}
[2022-07-18T12:59:34.197] [ERROR] default - RestException [Error]: From(whatsapp:+14155238886) and To(+541130561380) addresses should be of the same channel.
    at success (E:\Curso_NodeJs\mauri\tercera-entrega-NodeJs\node_modules\twilio\lib\base\Version.js:135:15)
    at Promise_then_fulfilled (E:\Curso_NodeJs\mauri\tercera-entrega-NodeJs\node_modules\q\q.js:766:44)
    at Promise_done_fulfilled (E:\Curso_NodeJs\mauri\tercera-entrega-NodeJs\node_modules\q\q.js:835:31)
    at Fulfilled_dispatch [as dispatch] (E:\Curso_NodeJs\mauri\tercera-entrega-NodeJs\node_modules\q\q.js:1229:9)
    at Pending_become_eachMessage_task (E:\Curso_NodeJs\mauri\tercera-entrega-NodeJs\node_modules\q\q.js:1369:30)
    at RawTask.call (E:\Curso_NodeJs\mauri\tercera-entrega-NodeJs\node_modules\asap\asap.js:40:19)
    at flush (E:\Curso_NodeJs\mauri\tercera-entrega-NodeJs\node_modules\asap\raw.js:50:29)
    at processTicksAndRejections (node:internal/process/task_queues:78:11) {
  status: 400,
  code: 21910,
  moreInfo: 'https://www.twilio.com/docs/errors/21910',
  details: undefined
}
[2022-07-18T13:02:40.964] [ERROR] default - RestException [Error]: From(whatsapp:+14155238886) and To(+5491130561380) addresses should be of the same channel.
    at success (E:\Curso_NodeJs\mauri\tercera-entrega-NodeJs\node_modules\twilio\lib\base\Version.js:135:15)
    at Promise_then_fulfilled (E:\Curso_NodeJs\mauri\tercera-entrega-NodeJs\node_modules\q\q.js:766:44)
    at Promise_done_fulfilled (E:\Curso_NodeJs\mauri\tercera-entrega-NodeJs\node_modules\q\q.js:835:31)
    at Fulfilled_dispatch [as dispatch] (E:\Curso_NodeJs\mauri\tercera-entrega-NodeJs\node_modules\q\q.js:1229:9)
    at Pending_become_eachMessage_task (E:\Curso_NodeJs\mauri\tercera-entrega-NodeJs\node_modules\q\q.js:1369:30)
    at RawTask.call (E:\Curso_NodeJs\mauri\tercera-entrega-NodeJs\node_modules\asap\asap.js:40:19)
    at flush (E:\Curso_NodeJs\mauri\tercera-entrega-NodeJs\node_modules\asap\raw.js:50:29)
    at processTicksAndRejections (node:internal/process/task_queues:78:11) {
  status: 400,
  code: 21910,
  moreInfo: 'https://www.twilio.com/docs/errors/21910',
  details: undefined
}
[2022-07-18T13:04:24.614] [ERROR] default - RestException [Error]: From(whatsapp:+14155238886) and To(+5491130561380) addresses should be of the same channel.
    at success (E:\Curso_NodeJs\mauri\tercera-entrega-NodeJs\node_modules\twilio\lib\base\Version.js:135:15)
    at Promise_then_fulfilled (E:\Curso_NodeJs\mauri\tercera-entrega-NodeJs\node_modules\q\q.js:766:44)
    at Promise_done_fulfilled (E:\Curso_NodeJs\mauri\tercera-entrega-NodeJs\node_modules\q\q.js:835:31)
    at Fulfilled_dispatch [as dispatch] (E:\Curso_NodeJs\mauri\tercera-entrega-NodeJs\node_modules\q\q.js:1229:9)
    at Pending_become_eachMessage_task (E:\Curso_NodeJs\mauri\tercera-entrega-NodeJs\node_modules\q\q.js:1369:30)
    at RawTask.call (E:\Curso_NodeJs\mauri\tercera-entrega-NodeJs\node_modules\asap\asap.js:40:19)
    at flush (E:\Curso_NodeJs\mauri\tercera-entrega-NodeJs\node_modules\asap\raw.js:50:29)
    at processTicksAndRejections (node:internal/process/task_queues:78:11) {
  status: 400,
  code: 21910,
  moreInfo: 'https://www.twilio.com/docs/errors/21910',
  details: undefined
}
[2022-07-18T13:08:28.958] [ERROR] default - RestException [Error]: Invalid channel type: whtsapp
    at success (E:\Curso_NodeJs\mauri\tercera-entrega-NodeJs\node_modules\twilio\lib\base\Version.js:135:15)
    at Promise_then_fulfilled (E:\Curso_NodeJs\mauri\tercera-entrega-NodeJs\node_modules\q\q.js:766:44)
    at Promise_done_fulfilled (E:\Curso_NodeJs\mauri\tercera-entrega-NodeJs\node_modules\q\q.js:835:31)
    at Fulfilled_dispatch [as dispatch] (E:\Curso_NodeJs\mauri\tercera-entrega-NodeJs\node_modules\q\q.js:1229:9)
    at Pending_become_eachMessage_task (E:\Curso_NodeJs\mauri\tercera-entrega-NodeJs\node_modules\q\q.js:1369:30)
    at RawTask.call (E:\Curso_NodeJs\mauri\tercera-entrega-NodeJs\node_modules\asap\asap.js:40:19)
    at flush (E:\Curso_NodeJs\mauri\tercera-entrega-NodeJs\node_modules\asap\raw.js:50:29)
    at processTicksAndRejections (node:internal/process/task_queues:78:11) {
  status: 400,
  code: 20422,
  moreInfo: 'https://www.twilio.com/docs/errors/20422',
  details: undefined
}
[2022-07-18T13:09:44.347] [ERROR] default - RestException [Error]: The 'From' number whatsapp:+14155238886 is not a valid phone number, shortcode, or alphanumeric sender ID.
    at success (E:\Curso_NodeJs\mauri\tercera-entrega-NodeJs\node_modules\twilio\lib\base\Version.js:135:15)
    at Promise_then_fulfilled (E:\Curso_NodeJs\mauri\tercera-entrega-NodeJs\node_modules\q\q.js:766:44)
    at Promise_done_fulfilled (E:\Curso_NodeJs\mauri\tercera-entrega-NodeJs\node_modules\q\q.js:835:31)
    at Fulfilled_dispatch [as dispatch] (E:\Curso_NodeJs\mauri\tercera-entrega-NodeJs\node_modules\q\q.js:1229:9)
    at Pending_become_eachMessage_task (E:\Curso_NodeJs\mauri\tercera-entrega-NodeJs\node_modules\q\q.js:1369:30)
    at RawTask.call (E:\Curso_NodeJs\mauri\tercera-entrega-NodeJs\node_modules\asap\asap.js:40:19)
    at flush (E:\Curso_NodeJs\mauri\tercera-entrega-NodeJs\node_modules\asap\raw.js:50:29)
    at processTicksAndRejections (node:internal/process/task_queues:78:11) {
  status: 400,
  code: 21212,
  moreInfo: 'https://www.twilio.com/docs/errors/21212',
  details: undefined
}
[2022-07-18T15:29:17.316] [ERROR] default - Falló el envio de SMS de confirmarción al usuario - error:ReferenceError: err is not defined
[2022-07-18T15:29:54.891] [ERROR] default - RestException [Error]: The 'To' number 1130561380 is not a valid phone number.
    at success (E:\Curso_NodeJs\mauri\tercera-entrega-NodeJs\node_modules\twilio\lib\base\Version.js:135:15)
    at Promise_then_fulfilled (E:\Curso_NodeJs\mauri\tercera-entrega-NodeJs\node_modules\q\q.js:766:44)
    at Promise_done_fulfilled (E:\Curso_NodeJs\mauri\tercera-entrega-NodeJs\node_modules\q\q.js:835:31)
    at Fulfilled_dispatch [as dispatch] (E:\Curso_NodeJs\mauri\tercera-entrega-NodeJs\node_modules\q\q.js:1229:9)
    at Pending_become_eachMessage_task (E:\Curso_NodeJs\mauri\tercera-entrega-NodeJs\node_modules\q\q.js:1369:30)
    at RawTask.call (E:\Curso_NodeJs\mauri\tercera-entrega-NodeJs\node_modules\asap\asap.js:40:19)
    at flush (E:\Curso_NodeJs\mauri\tercera-entrega-NodeJs\node_modules\asap\raw.js:50:29)
    at processTicksAndRejections (node:internal/process/task_queues:78:11) {
  status: 400,
  code: 21211,
  moreInfo: 'https://www.twilio.com/docs/errors/21211',
  details: undefined
}
[2022-07-18T15:31:38.527] [ERROR] default - RestException [Error]: The 'To' number 1130561380 is not a valid phone number.
    at success (E:\Curso_NodeJs\mauri\tercera-entrega-NodeJs\node_modules\twilio\lib\base\Version.js:135:15)
    at Promise_then_fulfilled (E:\Curso_NodeJs\mauri\tercera-entrega-NodeJs\node_modules\q\q.js:766:44)
    at Promise_done_fulfilled (E:\Curso_NodeJs\mauri\tercera-entrega-NodeJs\node_modules\q\q.js:835:31)
    at Fulfilled_dispatch [as dispatch] (E:\Curso_NodeJs\mauri\tercera-entrega-NodeJs\node_modules\q\q.js:1229:9)
    at Pending_become_eachMessage_task (E:\Curso_NodeJs\mauri\tercera-entrega-NodeJs\node_modules\q\q.js:1369:30)
    at RawTask.call (E:\Curso_NodeJs\mauri\tercera-entrega-NodeJs\node_modules\asap\asap.js:40:19)
    at flush (E:\Curso_NodeJs\mauri\tercera-entrega-NodeJs\node_modules\asap\raw.js:50:29)
    at processTicksAndRejections (node:internal/process/task_queues:78:11) {
  status: 400,
  code: 21211,
  moreInfo: 'https://www.twilio.com/docs/errors/21211',
  details: undefined
}
[2022-07-18T15:33:22.089] [ERROR] default - RestException [Error]: The From phone number +18647404967 is not a valid, SMS-capable inbound phone number or short code for your account.
    at success (E:\Curso_NodeJs\mauri\tercera-entrega-NodeJs\node_modules\twilio\lib\base\Version.js:135:15)
    at Promise_then_fulfilled (E:\Curso_NodeJs\mauri\tercera-entrega-NodeJs\node_modules\q\q.js:766:44)
    at Promise_done_fulfilled (E:\Curso_NodeJs\mauri\tercera-entrega-NodeJs\node_modules\q\q.js:835:31)
    at Fulfilled_dispatch [as dispatch] (E:\Curso_NodeJs\mauri\tercera-entrega-NodeJs\node_modules\q\q.js:1229:9)
    at Pending_become_eachMessage_task (E:\Curso_NodeJs\mauri\tercera-entrega-NodeJs\node_modules\q\q.js:1369:30)
    at RawTask.call (E:\Curso_NodeJs\mauri\tercera-entrega-NodeJs\node_modules\asap\asap.js:40:19)
    at flush (E:\Curso_NodeJs\mauri\tercera-entrega-NodeJs\node_modules\asap\raw.js:50:29)
    at processTicksAndRejections (node:internal/process/task_queues:78:11) {
  status: 400,
  code: 21606,
  moreInfo: 'https://www.twilio.com/docs/errors/21606',
  details: undefined
}
[2022-07-18T16:16:05.059] [ERROR] default - RestException [Error]: The From phone number +5491130561380 is not a valid, SMS-capable inbound phone number or short code for your account.
    at success (E:\Curso_NodeJs\mauri\tercera-entrega-NodeJs\node_modules\twilio\lib\base\Version.js:135:15)
    at Promise_then_fulfilled (E:\Curso_NodeJs\mauri\tercera-entrega-NodeJs\node_modules\q\q.js:766:44)
    at Promise_done_fulfilled (E:\Curso_NodeJs\mauri\tercera-entrega-NodeJs\node_modules\q\q.js:835:31)
    at Fulfilled_dispatch [as dispatch] (E:\Curso_NodeJs\mauri\tercera-entrega-NodeJs\node_modules\q\q.js:1229:9)
    at Pending_become_eachMessage_task (E:\Curso_NodeJs\mauri\tercera-entrega-NodeJs\node_modules\q\q.js:1369:30)
    at RawTask.call (E:\Curso_NodeJs\mauri\tercera-entrega-NodeJs\node_modules\asap\asap.js:40:19)
    at flush (E:\Curso_NodeJs\mauri\tercera-entrega-NodeJs\node_modules\asap\raw.js:50:29)
    at processTicksAndRejections (node:internal/process/task_queues:78:11) {
  status: 400,
  code: 21606,
  moreInfo: 'https://www.twilio.com/docs/errors/21606',
  details: undefined
}
[2022-07-18T16:16:26.180] [ERROR] default - RestException [Error]: The From phone number +541130561380 is not a valid, SMS-capable inbound phone number or short code for your account.
    at success (E:\Curso_NodeJs\mauri\tercera-entrega-NodeJs\node_modules\twilio\lib\base\Version.js:135:15)
    at Promise_then_fulfilled (E:\Curso_NodeJs\mauri\tercera-entrega-NodeJs\node_modules\q\q.js:766:44)
    at Promise_done_fulfilled (E:\Curso_NodeJs\mauri\tercera-entrega-NodeJs\node_modules\q\q.js:835:31)
    at Fulfilled_dispatch [as dispatch] (E:\Curso_NodeJs\mauri\tercera-entrega-NodeJs\node_modules\q\q.js:1229:9)
    at Pending_become_eachMessage_task (E:\Curso_NodeJs\mauri\tercera-entrega-NodeJs\node_modules\q\q.js:1369:30)
    at RawTask.call (E:\Curso_NodeJs\mauri\tercera-entrega-NodeJs\node_modules\asap\asap.js:40:19)
    at flush (E:\Curso_NodeJs\mauri\tercera-entrega-NodeJs\node_modules\asap\raw.js:50:29)
    at processTicksAndRejections (node:internal/process/task_queues:78:11) {
  status: 400,
  code: 21606,
  moreInfo: 'https://www.twilio.com/docs/errors/21606',
  details: undefined
}
[2022-07-19T11:29:32.695] [ERROR] default - RestException [Error]: Authenticate
    at success (E:\Curso_NodeJs\mauri\tercera-entrega-NodeJs\node_modules\twilio\lib\base\Version.js:135:15)
    at Promise_then_fulfilled (E:\Curso_NodeJs\mauri\tercera-entrega-NodeJs\node_modules\q\q.js:766:44)
    at Promise_done_fulfilled (E:\Curso_NodeJs\mauri\tercera-entrega-NodeJs\node_modules\q\q.js:835:31)
    at Fulfilled_dispatch [as dispatch] (E:\Curso_NodeJs\mauri\tercera-entrega-NodeJs\node_modules\q\q.js:1229:9)
    at Pending_become_eachMessage_task (E:\Curso_NodeJs\mauri\tercera-entrega-NodeJs\node_modules\q\q.js:1369:30)
    at RawTask.call (E:\Curso_NodeJs\mauri\tercera-entrega-NodeJs\node_modules\asap\asap.js:40:19)
    at flush (E:\Curso_NodeJs\mauri\tercera-entrega-NodeJs\node_modules\asap\raw.js:50:29)
    at processTicksAndRejections (node:internal/process/task_queues:78:11) {
  status: 401,
  code: 20003,
  moreInfo: 'https://www.twilio.com/docs/errors/20003',
  details: undefined
}
[2022-07-19T11:29:32.705] [ERROR] default - RestException [Error]: Authenticate
    at success (E:\Curso_NodeJs\mauri\tercera-entrega-NodeJs\node_modules\twilio\lib\base\Version.js:135:15)
    at Promise_then_fulfilled (E:\Curso_NodeJs\mauri\tercera-entrega-NodeJs\node_modules\q\q.js:766:44)
    at Promise_done_fulfilled (E:\Curso_NodeJs\mauri\tercera-entrega-NodeJs\node_modules\q\q.js:835:31)
    at Fulfilled_dispatch [as dispatch] (E:\Curso_NodeJs\mauri\tercera-entrega-NodeJs\node_modules\q\q.js:1229:9)
    at Pending_become_eachMessage_task (E:\Curso_NodeJs\mauri\tercera-entrega-NodeJs\node_modules\q\q.js:1369:30)
    at RawTask.call (E:\Curso_NodeJs\mauri\tercera-entrega-NodeJs\node_modules\asap\asap.js:40:19)
    at flush (E:\Curso_NodeJs\mauri\tercera-entrega-NodeJs\node_modules\asap\raw.js:50:29)
    at processTicksAndRejections (node:internal/process/task_queues:78:11) {
  status: 401,
  code: 20003,
  moreInfo: 'https://www.twilio.com/docs/errors/20003',
  details: undefined
}
[2022-07-19T11:34:15.022] [ERROR] default - RestException [Error]: Authenticate
    at success (E:\Curso_NodeJs\mauri\tercera-entrega-NodeJs\node_modules\twilio\lib\base\Version.js:135:15)
    at Promise_then_fulfilled (E:\Curso_NodeJs\mauri\tercera-entrega-NodeJs\node_modules\q\q.js:766:44)
    at Promise_done_fulfilled (E:\Curso_NodeJs\mauri\tercera-entrega-NodeJs\node_modules\q\q.js:835:31)
    at Fulfilled_dispatch [as dispatch] (E:\Curso_NodeJs\mauri\tercera-entrega-NodeJs\node_modules\q\q.js:1229:9)
    at Pending_become_eachMessage_task (E:\Curso_NodeJs\mauri\tercera-entrega-NodeJs\node_modules\q\q.js:1369:30)
    at RawTask.call (E:\Curso_NodeJs\mauri\tercera-entrega-NodeJs\node_modules\asap\asap.js:40:19)
    at flush (E:\Curso_NodeJs\mauri\tercera-entrega-NodeJs\node_modules\asap\raw.js:50:29)
    at processTicksAndRejections (node:internal/process/task_queues:78:11) {
  status: 401,
  code: 20003,
  moreInfo: 'https://www.twilio.com/docs/errors/20003',
  details: undefined
}
[2022-07-19T11:34:15.026] [ERROR] default - RestException [Error]: Authenticate
    at success (E:\Curso_NodeJs\mauri\tercera-entrega-NodeJs\node_modules\twilio\lib\base\Version.js:135:15)
    at Promise_then_fulfilled (E:\Curso_NodeJs\mauri\tercera-entrega-NodeJs\node_modules\q\q.js:766:44)
    at Promise_done_fulfilled (E:\Curso_NodeJs\mauri\tercera-entrega-NodeJs\node_modules\q\q.js:835:31)
    at Fulfilled_dispatch [as dispatch] (E:\Curso_NodeJs\mauri\tercera-entrega-NodeJs\node_modules\q\q.js:1229:9)
    at Pending_become_eachMessage_task (E:\Curso_NodeJs\mauri\tercera-entrega-NodeJs\node_modules\q\q.js:1369:30)
    at RawTask.call (E:\Curso_NodeJs\mauri\tercera-entrega-NodeJs\node_modules\asap\asap.js:40:19)
    at flush (E:\Curso_NodeJs\mauri\tercera-entrega-NodeJs\node_modules\asap\raw.js:50:29)
    at processTicksAndRejections (node:internal/process/task_queues:78:11) {
  status: 401,
  code: 20003,
  moreInfo: 'https://www.twilio.com/docs/errors/20003',
  details: undefined
}
[2022-07-19T21:23:00.677] [ERROR] default - ReferenceError: _id is not defined
    at new ProductoDto (E:\Curso_NodeJs\mauri\tercera-entrega-NodeJs\dto\ProductoDto.js:29:5)
    at Productos.addProducto (E:\Curso_NodeJs\mauri\tercera-entrega-NodeJs\service\productos.js:22:22)
    at agregarProducto (E:\Curso_NodeJs\mauri\tercera-entrega-NodeJs\controllers\productosController.js:36:43)
    at Layer.handle [as handle_request] (E:\Curso_NodeJs\mauri\tercera-entrega-NodeJs\node_modules\express\lib\router\layer.js:95:5)
    at next (E:\Curso_NodeJs\mauri\tercera-entrega-NodeJs\node_modules\express\lib\router\route.js:137:13)
    at isAuthenticated (E:\Curso_NodeJs\mauri\tercera-entrega-NodeJs\middlewares\isAuthenticated.js:3:12)
    at Layer.handle [as handle_request] (E:\Curso_NodeJs\mauri\tercera-entrega-NodeJs\node_modules\express\lib\router\layer.js:95:5)
    at next (E:\Curso_NodeJs\mauri\tercera-entrega-NodeJs\node_modules\express\lib\router\route.js:137:13)
    at Route.dispatch (E:\Curso_NodeJs\mauri\tercera-entrega-NodeJs\node_modules\express\lib\router\route.js:112:3)
    at Layer.handle [as handle_request] (E:\Curso_NodeJs\mauri\tercera-entrega-NodeJs\node_modules\express\lib\router\layer.js:95:5)
[2022-07-20T13:07:10.546] [ERROR] default - Error: product validation failed: stock: Path `stock` is required., imagenURL: Path `imagenURL` is required., precio: Path `precio` is required., descripcion: Path `descripcion` is required., nombre: Path `nombre` is required.
    at ValidationError.inspect (E:\Curso_NodeJs\mauri\tercera-entrega-NodeJs\node_modules\mongoose\lib\error\validation.js:48:26)
    at formatValue (node:internal/util/inspect:761:19)
    at inspect (node:internal/util/inspect:338:10)
    at formatWithOptionsInternal (node:internal/util/inspect:2004:40)
    at Object.format (node:internal/util/inspect:1878:10)
    at basicLayout (E:\Curso_NodeJs\mauri\tercera-entrega-NodeJs\node_modules\log4js\lib\layouts.js:64:57)
    at app (E:\Curso_NodeJs\mauri\tercera-entrega-NodeJs\node_modules\log4js\lib\appenders\file.js:82:23)
    at E:\Curso_NodeJs\mauri\tercera-entrega-NodeJs\node_modules\log4js\lib\appenders\logLevelFilter.js:7:7
    at E:\Curso_NodeJs\mauri\tercera-entrega-NodeJs\node_modules\log4js\lib\log4js.js:43:5
    at Array.forEach (<anonymous>) {
  errors: {
    stock: ValidatorError: Path `stock` is required.
        at validate (E:\Curso_NodeJs\mauri\tercera-entrega-NodeJs\node_modules\mongoose\lib\schematype.js:1330:13)
        at SchemaNumber.SchemaType.doValidate (E:\Curso_NodeJs\mauri\tercera-entrega-NodeJs\node_modules\mongoose\lib\schematype.js:1314:7)
        at E:\Curso_NodeJs\mauri\tercera-entrega-NodeJs\node_modules\mongoose\lib\document.js:2747:18
        at processTicksAndRejections (node:internal/process/task_queues:78:11) {
      properties: [Object],
      kind: 'required',
      path: 'stock',
      value: undefined,
      reason: undefined,
      [Symbol(mongoose:validatorError)]: true
    },
    imagenURL: ValidatorError: Path `imagenURL` is required.
        at validate (E:\Curso_NodeJs\mauri\tercera-entrega-NodeJs\node_modules\mongoose\lib\schematype.js:1330:13)
        at SchemaString.SchemaType.doValidate (E:\Curso_NodeJs\mauri\tercera-entrega-NodeJs\node_modules\mongoose\lib\schematype.js:1314:7)
        at E:\Curso_NodeJs\mauri\tercera-entrega-NodeJs\node_modules\mongoose\lib\document.js:2747:18
        at processTicksAndRejections (node:internal/process/task_queues:78:11) {
      properties: [Object],
      kind: 'required',
      path: 'imagenURL',
      value: undefined,
      reason: undefined,
      [Symbol(mongoose:validatorError)]: true
    },
    precio: ValidatorError: Path `precio` is required.
        at validate (E:\Curso_NodeJs\mauri\tercera-entrega-NodeJs\node_modules\mongoose\lib\schematype.js:1330:13)
        at SchemaNumber.SchemaType.doValidate (E:\Curso_NodeJs\mauri\tercera-entrega-NodeJs\node_modules\mongoose\lib\schematype.js:1314:7)
        at E:\Curso_NodeJs\mauri\tercera-entrega-NodeJs\node_modules\mongoose\lib\document.js:2747:18
        at processTicksAndRejections (node:internal/process/task_queues:78:11) {
      properties: [Object],
      kind: 'required',
      path: 'precio',
      value: undefined,
      reason: undefined,
      [Symbol(mongoose:validatorError)]: true
    },
    descripcion: ValidatorError: Path `descripcion` is required.
        at validate (E:\Curso_NodeJs\mauri\tercera-entrega-NodeJs\node_modules\mongoose\lib\schematype.js:1330:13)
        at SchemaString.SchemaType.doValidate (E:\Curso_NodeJs\mauri\tercera-entrega-NodeJs\node_modules\mongoose\lib\schematype.js:1314:7)
        at E:\Curso_NodeJs\mauri\tercera-entrega-NodeJs\node_modules\mongoose\lib\document.js:2747:18
        at processTicksAndRejections (node:internal/process/task_queues:78:11) {
      properties: [Object],
      kind: 'required',
      path: 'descripcion',
      value: undefined,
      reason: undefined,
      [Symbol(mongoose:validatorError)]: true
    },
    nombre: ValidatorError: Path `nombre` is required.
        at validate (E:\Curso_NodeJs\mauri\tercera-entrega-NodeJs\node_modules\mongoose\lib\schematype.js:1330:13)
        at SchemaString.SchemaType.doValidate (E:\Curso_NodeJs\mauri\tercera-entrega-NodeJs\node_modules\mongoose\lib\schematype.js:1314:7)
        at E:\Curso_NodeJs\mauri\tercera-entrega-NodeJs\node_modules\mongoose\lib\document.js:2747:18
        at processTicksAndRejections (node:internal/process/task_queues:78:11) {
      properties: [Object],
      kind: 'required',
      path: 'nombre',
      value: undefined,
      reason: undefined,
      [Symbol(mongoose:validatorError)]: true
    }
  },
  _message: 'product validation failed'
}
[2022-07-20T16:11:19.528] [ERROR] default - CustomError {
  estado: 404,
  descripcion: 'Document not found in undefined with that {"id":"62d84c06662d4b1523934037"}',
  detalles: undefined
}
[2022-07-20T16:54:03.056] [ERROR] default - MongooseError: Query was already executed: product.findOneAndUpdate({ _id: new ObjectId("62d84c06662d4b...
    at model.Query._wrappedThunk [as _findOneAndUpdate] (E:\Curso_NodeJs\mauri\tercera-entrega-NodeJs\node_modules\mongoose\lib\helpers\query\wrapThunk.js:21:19)
    at E:\Curso_NodeJs\mauri\tercera-entrega-NodeJs\node_modules\kareem\index.js:367:25
    at processTicksAndRejections (node:internal/process/task_queues:78:11) {
  originalStack: 'Error\n' +
    '    at model.Query._wrappedThunk [as _findOneAndUpdate] (E:\\Curso_NodeJs\\mauri\\tercera-entrega-NodeJs\\node_modules\\mongoose\\lib\\helpers\\query\\wrapThunk.js:25:28)\n' +
    '    at E:\\Curso_NodeJs\\mauri\\tercera-entrega-NodeJs\\node_modules\\kareem\\index.js:367:25\n' +
    '    at processTicksAndRejections (node:internal/process/task_queues:78:11)'
}
[2022-07-20T16:55:03.380] [ERROR] default - MongooseError: Query was already executed: product.findOneAndUpdate({ _id: new ObjectId("62d84c06662d4b...
    at model.Query._wrappedThunk [as _findOneAndUpdate] (E:\Curso_NodeJs\mauri\tercera-entrega-NodeJs\node_modules\mongoose\lib\helpers\query\wrapThunk.js:21:19)
    at E:\Curso_NodeJs\mauri\tercera-entrega-NodeJs\node_modules\kareem\index.js:367:25
    at processTicksAndRejections (node:internal/process/task_queues:78:11) {
  originalStack: 'Error\n' +
    '    at model.Query._wrappedThunk [as _findOneAndUpdate] (E:\\Curso_NodeJs\\mauri\\tercera-entrega-NodeJs\\node_modules\\mongoose\\lib\\helpers\\query\\wrapThunk.js:25:28)\n' +
    '    at E:\\Curso_NodeJs\\mauri\\tercera-entrega-NodeJs\\node_modules\\kareem\\index.js:367:25\n' +
    '    at processTicksAndRejections (node:internal/process/task_queues:78:11)'
}
[2022-07-20T18:29:09.854] [ERROR] default - ReferenceError: productoUpdate is not defined
    at Productos.putProducto (E:\Curso_NodeJs\mauri\tercera-entrega-NodeJs\service\productos.js:34:20)
    at actualizarProducto (E:\Curso_NodeJs\mauri\tercera-entrega-NodeJs\controllers\productosController.js:44:43)
    at Layer.handle [as handle_request] (E:\Curso_NodeJs\mauri\tercera-entrega-NodeJs\node_modules\express\lib\router\layer.js:95:5)
    at next (E:\Curso_NodeJs\mauri\tercera-entrega-NodeJs\node_modules\express\lib\router\route.js:137:13)
    at isProductDataValid (E:\Curso_NodeJs\mauri\tercera-entrega-NodeJs\middlewares\isAuthenticated.js:23:12)
    at Layer.handle [as handle_request] (E:\Curso_NodeJs\mauri\tercera-entrega-NodeJs\node_modules\express\lib\router\layer.js:95:5)
    at next (E:\Curso_NodeJs\mauri\tercera-entrega-NodeJs\node_modules\express\lib\router\route.js:137:13)
    at isAuthenticated (E:\Curso_NodeJs\mauri\tercera-entrega-NodeJs\middlewares\isAuthenticated.js:3:12)
    at Layer.handle [as handle_request] (E:\Curso_NodeJs\mauri\tercera-entrega-NodeJs\node_modules\express\lib\router\layer.js:95:5)
    at next (E:\Curso_NodeJs\mauri\tercera-entrega-NodeJs\node_modules\express\lib\router\route.js:137:13)
